<?xml version="1.0" encoding="UTF-8"?>
<testng-results ignored="0" total="1" passed="1" failed="0" skipped="0">
  <reporter-output>
  </reporter-output>
  <suite started-at="2023-12-15T00:43:20 EST" name="Default suite" finished-at="2023-12-15T00:43:20 EST" duration-ms="15">
    <groups>
    </groups>
    <test started-at="2023-12-15T00:43:20 EST" name="Default test" finished-at="2023-12-15T00:43:20 EST" duration-ms="15">
      <class name="com.info6255.group6.selenium.AppTest">
        <test-method signature="testApp()[pri:0, instance:com.info6255.group6.selenium.AppTest@68c72235]" started-at="2023-12-15T00:43:20 EST" name="testApp" finished-at="2023-12-15T00:43:20 EST" duration-ms="3" status="PASS">
          <reporter-output>
          </reporter-output>
        </test-method> <!-- testApp -->
      </class> <!-- com.info6255.group6.selenium.AppTest -->
    </test> <!-- Default test -->
  </suite> <!-- Default suite -->
</testng-results>
